<?xml version="1.0" encoding="UTF-8"?>
<!-- Generated by org.testng.reporters.JUnitXMLReporter -->
<testsuite ignored="0" hostname="bmac-0135s-MacBook-Air.local" failures="0" tests="14" name="Default test" time="68.805" errors="0" timestamp="2026-05-22T20:47:45 IST">
  <testcase classname="financeSuite.FinanceDebitMemoAPI" name="debitMemoCount" time="0.691"/>
  <testcase classname="financeSuite.FinanceDebitMemoAPI" name="debitMemoSearch" time="5.122"/>
  <testcase classname="financeSuite.FinanceDebitMemoAPI" name="searchEligibleApInvoice" time="1.505"/>
  <testcase classname="financeSuite.FinanceDebitMemoAPI" name="createDebitMemo" time="3.509"/>
  <testcase classname="financeSuite.FinanceDebitMemoAPI" name="submitDebitMemoForReview" time="1.244"/>
  <testcase classname="financeSuite.FinanceDebitMemoAPI" name="approveDebitMemoByGroupAccountingManager" time="0.003">
    <skipped/>
  </testcase> <!-- approveDebitMemoByGroupAccountingManager -->
  <testcase classname="financeSuite.FinanceDebitMemoAPI" name="approveDebitMemoByFinanceController" time="0.0">
    <skipped/>
  </testcase> <!-- approveDebitMemoByFinanceController -->
  <testcase classname="financeSuite.FinanceDebitMemoAPI" name="approveDebitMemoBySeniorGroupAccountingManager" time="0.0">
    <skipped/>
  </testcase> <!-- approveDebitMemoBySeniorGroupAccountingManager -->
  <testcase classname="financeSuite.FinanceDebitMemoAPI" name="verifyDebitMemoFinalState" time="0.808"/>
  <testcase classname="financeSuite.FinanceDebitMemoAPI" name="verifyNoApprovalRequiredWhenAmountBelow10k" time="0.001"/>
  <testcase classname="financeSuite.FinanceDebitMemoAPI" name="approvalWorkflow_L1_and_L2_forAmount15k" time="12.849"/>
  <testcase classname="financeSuite.FinanceDebitMemoAPI" name="approvalWorkflow_L1_and_L3_above1Lakh" time="12.092"/>
  <testcase classname="financeSuite.FinanceDebitMemoAPI" name="approvalWorkflow_L1_and_L2_forAmount50k" time="11.461"/>
  <testcase classname="financeSuite.FinanceDebitMemoAPI" name="approvalWorkflow_L1_and_L3_forAmount150k" time="12.104"/>
</testsuite> <!-- Default test -->
