<?xml version="1.0" encoding="UTF-8"?>
<!-- Generated by org.testng.reporters.JUnitXMLReporter -->
<testsuite ignored="0" hostname="bmac-0135s-MacBook-Air.local" failures="2" tests="56" name="Command line test" time="92.312" errors="0" timestamp="2026-03-24T15:15:16 IST">
  <testcase classname="financeSuite.FinanceAllAPI" name="searchCompany" time="2.567"/>
  <testcase classname="financeSuite.FinanceAllAPI" name="companyCount" time="0.825"/>
  <testcase classname="financeSuite.FinanceAllAPI" name="searchCurrency" time="1.147"/>
  <testcase classname="financeSuite.FinanceAllAPI" name="createCompany" time="2.948"/>
  <testcase classname="financeSuite.FinanceAllAPI" name="createCompanyWithInvalidCompanyCode" time="1.272"/>
  <testcase classname="financeSuite.FinanceAllAPI" name="createCompanyWithMissingMandatoryFields" time="0.898"/>
  <testcase classname="financeSuite.FinanceAllAPI" name="profitCenterCount" time="0.554"/>
  <testcase classname="financeSuite.FinanceAllAPI" name="verifyCompanySearchFindsCreatedCompany" time="0.645"/>
  <testcase classname="financeSuite.FinanceAllAPI" name="profitCenterSearch" time="1.883"/>
  <testcase classname="financeSuite.FinanceAllAPI" name="createProfitCenter" time="0.797"/>
  <testcase classname="financeSuite.FinanceAllAPI" name="createProfitCenterWithInvalidCode" time="0.454"/>
  <testcase classname="financeSuite.FinanceAllAPI" name="createProfitCenterWithMissingMandatoryFields" time="0.729"/>
  <testcase classname="financeSuite.FinanceAllAPI" name="updateProfitCenter" time="0.678"/>
  <testcase classname="financeSuite.FinanceAllAPI" name="costCenterCount" time="0.458"/>
  <testcase classname="financeSuite.FinanceAllAPI" name="costCenterSearch" time="2.369"/>
  <testcase classname="financeSuite.FinanceAllAPI" name="createCostCenter" time="0.665"/>
  <testcase classname="financeSuite.FinanceAllAPI" name="createCostCenterWithInvalidCode" time="0.932"/>
  <testcase classname="financeSuite.FinanceAllAPI" name="createCostCenterWithMissingMandatoryFields" time="0.473"/>
  <testcase classname="financeSuite.FinanceAllAPI" name="updateCostCenter" time="0.538"/>
  <testcase classname="financeSuite.FinanceAllAPI" name="deactivateCostCenter" time="0.966"/>
  <testcase classname="financeSuite.FinanceAllAPI" name="glSearchCompany" time="3.119"/>
  <testcase classname="financeSuite.FinanceAllAPI" name="searchChartOfAccountsMaster" time="0.515"/>
  <testcase classname="financeSuite.FinanceAllAPI" name="chartOfAccountsCountV3" time="5.375"/>
  <testcase classname="financeSuite.FinanceAllAPI" name="chartOfAccountsSearchV3" time="1.63"/>
  <testcase classname="financeSuite.FinanceAllAPI" name="createChartOfAccounts" time="6.043"/>
  <testcase classname="financeSuite.FinanceAllAPI" name="createGlAccountWithInvalidData" time="1.346">
    <failure type="java.lang.AssertionError" message="The following asserts failed:
	createGlAccountWithInvalidData: Expected one of [400, 409, 422, 500], got 200">
      <![CDATA[java.lang.AssertionError: The following asserts failed:
createGlAccountWithInvalidData: Expected one of [400, 409, 422, 500], got 200
at financeSuite.FinanceAllAPI.createGlAccountWithInvalidData(FinanceAllAPI.java:1985)
at java.base/java.util.ArrayList.forEach(ArrayList.java:1596)
... Removed 26 stack frames]]>
    </failure>
  </testcase> <!-- createGlAccountWithInvalidData -->
  <testcase classname="financeSuite.FinanceAllAPI" name="createGlAccountWithMissingMandatoryFields" time="0.498"/>
  <testcase classname="financeSuite.FinanceAllAPI" name="updateChartOfAccounts" time="0.609"/>
  <testcase classname="financeSuite.FinanceAllAPI" name="searchChartOfAccountsForApproval" time="0.676"/>
  <testcase classname="financeSuite.FinanceAllAPI" name="reviewChartOfAccounts" time="0.533"/>
  <testcase classname="financeSuite.FinanceAllAPI" name="updateWorkflowActionChartOfAccounts" time="1.672"/>
  <testcase classname="financeSuite.FinanceAllAPI" name="chartOfAccountsSearchBeforeBalanceCheck" time="0.512"/>
  <testcase classname="financeSuite.FinanceAllAPI" name="checkChartOfAccountsBalance" time="0.598"/>
  <testcase classname="financeSuite.FinanceAllAPI" name="setAccountStatus" time="0.706"/>
  <testcase classname="financeSuite.FinanceAllAPI" name="reviewChartOfAccountsForDeactivate" time="0.486"/>
  <testcase classname="financeSuite.FinanceAllAPI" name="searchChartOfAccountsForDeactivate" time="14.774"/>
  <testcase classname="financeSuite.FinanceAllAPI" name="updateWorkflowActionDeactivate" time="0.0"/>
  <testcase classname="financeSuite.FinanceAllAPI" name="searchChartOfAccountsForReactivate" time="7.843"/>
  <testcase classname="financeSuite.FinanceAllAPI" name="updateWorkflowActionReactivate" time="0.001"/>
  <testcase classname="financeSuite.FinanceAllAPI" name="journalEntryCount" time="0.635"/>
  <testcase classname="financeSuite.FinanceAllAPI" name="journalEntrySearch" time="2.012"/>
  <testcase classname="financeSuite.FinanceAllAPI" name="generateJeNumber" time="0.847"/>
  <testcase classname="financeSuite.FinanceAllAPI" name="createJournalEntry" time="2.022"/>
  <testcase classname="financeSuite.FinanceAllAPI" name="createJournalEntryWithInvalidData" time="0.986"/>
  <testcase classname="financeSuite.FinanceAllAPI" name="createJournalEntryWithMissingMandatoryFields" time="0.481"/>
  <testcase classname="financeSuite.FinanceAllAPI" name="approvalBySeniorAccountant" time="0.596">
    <failure type="java.lang.AssertionError" message="The following asserts failed:
	approvalBySeniorAccountant: Expected one of [200], got 403">
      <![CDATA[java.lang.AssertionError: The following asserts failed:
approvalBySeniorAccountant: Expected one of [200], got 403
at financeSuite.FinanceAllAPI.approvalBySeniorAccountant(FinanceAllAPI.java:3497)
at java.base/java.util.ArrayList.forEach(ArrayList.java:1596)
... Removed 26 stack frames]]>
    </failure>
  </testcase> <!-- approvalBySeniorAccountant -->
  <testcase classname="financeSuite.FinanceAllAPI" name="approvalByFinanceController" time="0.0">
    <skipped/>
  </testcase> <!-- approvalByFinanceController -->
  <testcase classname="financeSuite.FinanceAllAPI" name="approvalByGroupAccountingManager" time="0.0">
    <skipped/>
  </testcase> <!-- approvalByGroupAccountingManager -->
  <testcase classname="financeSuite.FinanceAllAPI" name="verifyJePostedStatus" time="0.0">
    <skipped/>
  </testcase> <!-- verifyJePostedStatus -->
  <testcase classname="financeSuite.FinanceAllAPI" name="duplicateCompanyName" time="0.972"/>
  <testcase classname="financeSuite.FinanceAllAPI" name="duplicateCompanyCode" time="1.017"/>
  <testcase classname="financeSuite.FinanceAllAPI" name="duplicateProfitCenterName" time="0.649"/>
  <testcase classname="financeSuite.FinanceAllAPI" name="duplicateProfitCenterCode" time="0.617"/>
  <testcase classname="financeSuite.FinanceAllAPI" name="duplicateCostCenterName" time="0.513"/>
  <testcase classname="financeSuite.FinanceAllAPI" name="duplicateCostCenterCode" time="0.835"/>
  <testcase classname="financeSuite.FinanceAllAPI" name="duplicateGlAccountName" time="0.715"/>
</testsuite> <!-- Command line test -->
