<?xml version="1.0" encoding="UTF-8"?>
<!-- Generated by org.testng.reporters.JUnitXMLReporter -->
<testsuite ignored="24" hostname="bmac-0135s-MacBook-Air.local" failures="0" tests="17" name="FinanceAll-Sanity" time="13.002" errors="0" timestamp="2026-03-17T13:11:41 IST">
  <testcase classname="financeSuite.FinanceAllAPI" name="searchCompany" time="0.823"/>
  <testcase classname="financeSuite.FinanceAllAPI" name="companyCount" time="0.535"/>
  <testcase classname="financeSuite.FinanceAllAPI" name="searchCurrency" time="0.476"/>
  <testcase classname="financeSuite.FinanceAllAPI" name="searchCountryIsoCode" time="0.457"/>
  <testcase classname="financeSuite.FinanceAllAPI" name="searchLanguage" time="0.455"/>
  <testcase classname="financeSuite.FinanceAllAPI" name="searchLocationMaster" time="0.544"/>
  <testcase classname="financeSuite.FinanceAllAPI" name="profitCenterCount" time="0.447"/>
  <testcase classname="financeSuite.FinanceAllAPI" name="profitCenterSearch" time="0.468"/>
  <testcase classname="financeSuite.FinanceAllAPI" name="costCenterCount" time="0.441"/>
  <testcase classname="financeSuite.FinanceAllAPI" name="costCenterSearch" time="0.456"/>
  <testcase classname="financeSuite.FinanceAllAPI" name="glSearchCompany" time="0.441"/>
  <testcase classname="financeSuite.FinanceAllAPI" name="searchChartOfAccountsMaster" time="0.43"/>
  <testcase classname="financeSuite.FinanceAllAPI" name="chartOfAccountsCountV3" time="0.566"/>
  <testcase classname="financeSuite.FinanceAllAPI" name="chartOfAccountsSearchV3" time="0.453"/>
  <testcase classname="financeSuite.FinanceAllAPI" name="journalEntryCount" time="0.437"/>
  <testcase classname="financeSuite.FinanceAllAPI" name="journalEntrySearch" time="0.982"/>
  <testcase classname="financeSuite.FinanceAllAPI" name="generateJeNumber" time="0.571"/>
  <testcase classname="financeSuite.FinanceAllAPI" name="updateWorkflowActionDeactivate" time="0.0">
    <ignored/>
  </testcase> <!-- updateWorkflowActionDeactivate -->
  <testcase classname="financeSuite.FinanceAllAPI" name="checkChartOfAccountsBalance" time="0.0">
    <ignored/>
  </testcase> <!-- checkChartOfAccountsBalance -->
  <testcase classname="financeSuite.FinanceAllAPI" name="approvalByGroupAccountingManager" time="0.0">
    <ignored/>
  </testcase> <!-- approvalByGroupAccountingManager -->
  <testcase classname="financeSuite.FinanceAllAPI" name="searchChartOfAccountsForApproval" time="0.0">
    <ignored/>
  </testcase> <!-- searchChartOfAccountsForApproval -->
  <testcase classname="financeSuite.FinanceAllAPI" name="searchChartOfAccountsForReactivate" time="0.0">
    <ignored/>
  </testcase> <!-- searchChartOfAccountsForReactivate -->
  <testcase classname="financeSuite.FinanceAllAPI" name="createCostCenter" time="0.0">
    <ignored/>
  </testcase> <!-- createCostCenter -->
  <testcase classname="financeSuite.FinanceAllAPI" name="approvalByFinanceController" time="0.0">
    <ignored/>
  </testcase> <!-- approvalByFinanceController -->
  <testcase classname="financeSuite.FinanceAllAPI" name="searchChartOfAccountsForDeactivate" time="0.0">
    <ignored/>
  </testcase> <!-- searchChartOfAccountsForDeactivate -->
  <testcase classname="financeSuite.FinanceAllAPI" name="verifyJePostedStatus" time="0.0">
    <ignored/>
  </testcase> <!-- verifyJePostedStatus -->
  <testcase classname="financeSuite.FinanceAllAPI" name="setAccountStatus" time="0.0">
    <ignored/>
  </testcase> <!-- setAccountStatus -->
  <testcase classname="financeSuite.FinanceAllAPI" name="reviewChartOfAccounts" time="0.0">
    <ignored/>
  </testcase> <!-- reviewChartOfAccounts -->
  <testcase classname="financeSuite.FinanceAllAPI" name="updateWorkflowActionReactivate" time="0.0">
    <ignored/>
  </testcase> <!-- updateWorkflowActionReactivate -->
  <testcase classname="financeSuite.FinanceAllAPI" name="createJournalEntry" time="0.0">
    <ignored/>
  </testcase> <!-- createJournalEntry -->
  <testcase classname="financeSuite.FinanceAllAPI" name="deactivateCostCenter" time="0.0">
    <ignored/>
  </testcase> <!-- deactivateCostCenter -->
  <testcase classname="financeSuite.FinanceAllAPI" name="createChartOfAccounts" time="0.0">
    <ignored/>
  </testcase> <!-- createChartOfAccounts -->
  <testcase classname="financeSuite.FinanceAllAPI" name="createProfitCenter" time="0.0">
    <ignored/>
  </testcase> <!-- createProfitCenter -->
  <testcase classname="financeSuite.FinanceAllAPI" name="approvalBySeniorAccountant" time="0.0">
    <ignored/>
  </testcase> <!-- approvalBySeniorAccountant -->
  <testcase classname="financeSuite.FinanceAllAPI" name="updateChartOfAccounts" time="0.0">
    <ignored/>
  </testcase> <!-- updateChartOfAccounts -->
  <testcase classname="financeSuite.FinanceAllAPI" name="updateProfitCenter" time="0.0">
    <ignored/>
  </testcase> <!-- updateProfitCenter -->
  <testcase classname="financeSuite.FinanceAllAPI" name="chartOfAccountsSearchBeforeBalanceCheck" time="0.0">
    <ignored/>
  </testcase> <!-- chartOfAccountsSearchBeforeBalanceCheck -->
  <testcase classname="financeSuite.FinanceAllAPI" name="updateCostCenter" time="0.0">
    <ignored/>
  </testcase> <!-- updateCostCenter -->
  <testcase classname="financeSuite.FinanceAllAPI" name="reviewChartOfAccountsForDeactivate" time="0.0">
    <ignored/>
  </testcase> <!-- reviewChartOfAccountsForDeactivate -->
  <testcase classname="financeSuite.FinanceAllAPI" name="createCompany" time="0.0">
    <ignored/>
  </testcase> <!-- createCompany -->
  <testcase classname="financeSuite.FinanceAllAPI" name="updateWorkflowActionChartOfAccounts" time="0.0">
    <ignored/>
  </testcase> <!-- updateWorkflowActionChartOfAccounts -->
</testsuite> <!-- FinanceAll-Sanity -->
