<?xml version="1.0" encoding="UTF-8"?>
<!-- Generated by org.testng.reporters.JUnitReportReporter -->
<testsuite hostname="bmac-0135s-MacBook-Air.local" failures="0" tests="14" name="financeSuite.FinanceDebitMemoAPI" time="61.399" errors="0" timestamp="2026-05-22T20:47:46 IST" skipped="3">
  <testcase classname="financeSuite.FinanceDebitMemoAPI" name="debitMemoCount" time="0.691"/>
  <testcase classname="financeSuite.FinanceDebitMemoAPI" name="debitMemoSearch" time="5.123"/>
  <testcase classname="financeSuite.FinanceDebitMemoAPI" name="searchEligibleApInvoice" time="1.505"/>
  <testcase classname="financeSuite.FinanceDebitMemoAPI" name="createDebitMemo" time="3.509"/>
  <testcase classname="financeSuite.FinanceDebitMemoAPI" name="submitDebitMemoForReview" time="1.245"/>
  <testcase classname="financeSuite.FinanceDebitMemoAPI" name="approveDebitMemoByGroupAccountingManager" time="0.005">
    <skipped/>
  </testcase> <!-- approveDebitMemoByGroupAccountingManager -->
  <testcase classname="financeSuite.FinanceDebitMemoAPI" name="approveDebitMemoByFinanceController" time="0.001">
    <skipped/>
  </testcase> <!-- approveDebitMemoByFinanceController -->
  <testcase classname="financeSuite.FinanceDebitMemoAPI" name="approveDebitMemoBySeniorGroupAccountingManager" time="0.001">
    <skipped/>
  </testcase> <!-- approveDebitMemoBySeniorGroupAccountingManager -->
  <testcase classname="financeSuite.FinanceDebitMemoAPI" name="verifyDebitMemoFinalState" time="0.809"/>
  <testcase classname="financeSuite.FinanceDebitMemoAPI" name="verifyNoApprovalRequiredWhenAmountBelow10k" time="0.001"/>
  <testcase classname="financeSuite.FinanceDebitMemoAPI" name="approvalWorkflow_L1_and_L2_forAmount15k" time="12.850"/>
  <testcase classname="financeSuite.FinanceDebitMemoAPI" name="approvalWorkflow_L1_and_L3_above1Lakh" time="12.094"/>
  <testcase classname="financeSuite.FinanceDebitMemoAPI" name="approvalWorkflow_L1_and_L2_forAmount50k" time="11.461"/>
  <testcase classname="financeSuite.FinanceDebitMemoAPI" name="approvalWorkflow_L1_and_L3_forAmount150k" time="12.104"/>
</testsuite> <!-- financeSuite.FinanceDebitMemoAPI -->
