<?xml version="1.0" encoding="UTF-8"?>
<!-- Generated by org.testng.reporters.JUnitReportReporter -->
<testsuite hostname="bmac-0135s-MacBook-Air.local" failures="0" tests="61" name="financeSuite.FinanceAllAPI" time="68.156" errors="0" timestamp="2026-04-08T20:36:15 IST" skipped="4">
  <testcase classname="financeSuite.FinanceAllAPI" name="searchCompany" time="1.320"/>
  <testcase classname="financeSuite.FinanceAllAPI" name="companyCount" time="0.561"/>
  <testcase classname="financeSuite.FinanceAllAPI" name="searchCurrency" time="0.553"/>
  <testcase classname="financeSuite.FinanceAllAPI" name="createCompany" time="2.079"/>
  <testcase classname="financeSuite.FinanceAllAPI" name="createCompanyWithMissingMandatoryFields" time="0.842"/>
  <testcase classname="financeSuite.FinanceAllAPI" name="createCompanyWithUnauthorizedUser" time="3.693"/>
  <testcase classname="financeSuite.FinanceAllAPI" name="createCompanyWithInvalidCompanyCode" time="0.960"/>
  <testcase classname="financeSuite.FinanceAllAPI" name="profitCenterCount" time="0.654"/>
  <testcase classname="financeSuite.FinanceAllAPI" name="verifyCompanySearchFindsCreatedCompany" time="0.414"/>
  <testcase classname="financeSuite.FinanceAllAPI" name="profitCenterSearch" time="0.962"/>
  <testcase classname="financeSuite.FinanceAllAPI" name="createProfitCenterWithInvalidCode" time="0.410"/>
  <testcase classname="financeSuite.FinanceAllAPI" name="createProfitCenterWithMissingMandatoryFields" time="0.416"/>
  <testcase classname="financeSuite.FinanceAllAPI" name="createProfitCenter" time="0.637"/>
  <testcase classname="financeSuite.FinanceAllAPI" name="createProfitCenterWithUnauthorizedUser" time="0.835"/>
  <testcase classname="financeSuite.FinanceAllAPI" name="updateProfitCenter" time="0.545"/>
  <testcase classname="financeSuite.FinanceAllAPI" name="costCenterCount" time="0.473"/>
  <testcase classname="financeSuite.FinanceAllAPI" name="costCenterSearch" time="0.841"/>
  <testcase classname="financeSuite.FinanceAllAPI" name="createCostCenterWithUnauthorizedUser" time="2.374"/>
  <testcase classname="financeSuite.FinanceAllAPI" name="createCostCenter" time="0.500"/>
  <testcase classname="financeSuite.FinanceAllAPI" name="createCostCenterWithMissingMandatoryFields" time="0.438"/>
  <testcase classname="financeSuite.FinanceAllAPI" name="createCostCenterWithInvalidCode" time="0.427"/>
  <testcase classname="financeSuite.FinanceAllAPI" name="updateCostCenter" time="0.452"/>
  <testcase classname="financeSuite.FinanceAllAPI" name="deactivateCostCenter" time="0.443"/>
  <testcase classname="financeSuite.FinanceAllAPI" name="glSearchCompany" time="1.044"/>
  <testcase classname="financeSuite.FinanceAllAPI" name="searchChartOfAccountsMaster" time="0.404"/>
  <testcase classname="financeSuite.FinanceAllAPI" name="chartOfAccountsCountV3" time="5.839"/>
  <testcase classname="financeSuite.FinanceAllAPI" name="chartOfAccountsSearchV3" time="1.054"/>
  <testcase classname="financeSuite.FinanceAllAPI" name="createChartOfAccounts" time="1.118"/>
  <testcase classname="financeSuite.FinanceAllAPI" name="createGlAccountWithMissingMandatoryFields" time="0.419"/>
  <testcase classname="financeSuite.FinanceAllAPI" name="createGlAccountWithUnauthorizedUser" time="1.340"/>
  <testcase classname="financeSuite.FinanceAllAPI" name="createGlAccountWithInvalidData" time="0.814"/>
  <testcase classname="financeSuite.FinanceAllAPI" name="updateChartOfAccounts" time="0.408"/>
  <testcase classname="financeSuite.FinanceAllAPI" name="searchChartOfAccountsForApproval" time="0.542"/>
  <testcase classname="financeSuite.FinanceAllAPI" name="reviewChartOfAccounts" time="0.476"/>
  <testcase classname="financeSuite.FinanceAllAPI" name="updateWorkflowActionChartOfAccounts" time="1.058"/>
  <testcase classname="financeSuite.FinanceAllAPI" name="chartOfAccountsSearchBeforeBalanceCheck" time="0.411"/>
  <testcase classname="financeSuite.FinanceAllAPI" name="checkChartOfAccountsBalance" time="0.399"/>
  <testcase classname="financeSuite.FinanceAllAPI" name="setAccountStatus" time="0.389"/>
  <testcase classname="financeSuite.FinanceAllAPI" name="reviewChartOfAccountsForDeactivate" time="0.464"/>
  <testcase classname="financeSuite.FinanceAllAPI" name="searchChartOfAccountsForDeactivate" time="14.182"/>
  <testcase classname="financeSuite.FinanceAllAPI" name="updateWorkflowActionDeactivate" time="0.003"/>
  <testcase classname="financeSuite.FinanceAllAPI" name="searchChartOfAccountsForReactivate" time="7.474"/>
  <testcase classname="financeSuite.FinanceAllAPI" name="updateWorkflowActionReactivate" time="0.002"/>
  <testcase classname="financeSuite.FinanceAllAPI" name="journalEntryCount" time="0.474"/>
  <testcase classname="financeSuite.FinanceAllAPI" name="journalEntrySearch" time="0.830"/>
  <testcase classname="financeSuite.FinanceAllAPI" name="generateJeNumber" time="0.768"/>
  <testcase classname="financeSuite.FinanceAllAPI" name="createJournalEntryWithInvalidData" time="0.485"/>
  <testcase classname="financeSuite.FinanceAllAPI" name="createJournalEntryWithUnauthorizedUser" time="0.406"/>
  <testcase classname="financeSuite.FinanceAllAPI" name="createJournalEntry" time="1.599"/>
  <testcase classname="financeSuite.FinanceAllAPI" name="createJournalEntryWithMissingMandatoryFields" time="0.400"/>
  <testcase classname="financeSuite.FinanceAllAPI" name="approvalBySeniorAccountant" time="0.412">
    <skipped/>
  </testcase> <!-- approvalBySeniorAccountant -->
  <testcase classname="financeSuite.FinanceAllAPI" name="approvalByFinanceController" time="0.000">
    <skipped/>
  </testcase> <!-- approvalByFinanceController -->
  <testcase classname="financeSuite.FinanceAllAPI" name="approvalByGroupAccountingManager" time="0.001">
    <skipped/>
  </testcase> <!-- approvalByGroupAccountingManager -->
  <testcase classname="financeSuite.FinanceAllAPI" name="verifyJePostedStatus" time="0.000">
    <skipped/>
  </testcase> <!-- verifyJePostedStatus -->
  <testcase classname="financeSuite.FinanceAllAPI" name="duplicateCompanyName" time="0.995"/>
  <testcase classname="financeSuite.FinanceAllAPI" name="duplicateCompanyCode" time="0.964"/>
  <testcase classname="financeSuite.FinanceAllAPI" name="duplicateProfitCenterName" time="0.412"/>
  <testcase classname="financeSuite.FinanceAllAPI" name="duplicateProfitCenterCode" time="0.419"/>
  <testcase classname="financeSuite.FinanceAllAPI" name="duplicateCostCenterName" time="0.411"/>
  <testcase classname="financeSuite.FinanceAllAPI" name="duplicateCostCenterCode" time="0.511"/>
  <testcase classname="financeSuite.FinanceAllAPI" name="duplicateGlAccountName" time="0.400"/>
</testsuite> <!-- financeSuite.FinanceAllAPI -->
