<?xml version="1.0" encoding="UTF-8"?>
<!-- Generated by org.testng.reporters.JUnitXMLReporter -->
<testsuite ignored="0" hostname="bmac-0135s-MacBook-Air.local" failures="0" tests="51" name="FinanceAll" time="92.23" errors="0" timestamp="2026-03-23T20:22:49 IST">
  <testcase classname="financeSuite.FinanceAllAPI" name="searchCompany" time="1.491"/>
  <testcase classname="financeSuite.FinanceAllAPI" name="companyCount" time="0.667"/>
  <testcase classname="financeSuite.FinanceAllAPI" name="searchCurrency" time="1.168"/>
  <testcase classname="financeSuite.FinanceAllAPI" name="searchCountryIsoCode" time="0.838"/>
  <testcase classname="financeSuite.FinanceAllAPI" name="searchLanguage" time="0.453"/>
  <testcase classname="financeSuite.FinanceAllAPI" name="searchLocationMaster" time="0.557"/>
  <testcase classname="financeSuite.FinanceAllAPI" name="createCompany" time="2.258"/>
  <testcase classname="financeSuite.FinanceAllAPI" name="createCompanyWithInvalidCompanyCode" time="0.965"/>
  <testcase classname="financeSuite.FinanceAllAPI" name="createCompanyWithMissingMandatoryFields" time="2.757"/>
  <testcase classname="financeSuite.FinanceAllAPI" name="profitCenterCount" time="0.509"/>
  <testcase classname="financeSuite.FinanceAllAPI" name="verifyCompanySearchFindsCreatedCompany" time="0.905"/>
  <testcase classname="financeSuite.FinanceAllAPI" name="profitCenterSearch" time="1.055"/>
  <testcase classname="financeSuite.FinanceAllAPI" name="createProfitCenter" time="0.603"/>
  <testcase classname="financeSuite.FinanceAllAPI" name="updateProfitCenter" time="0.624"/>
  <testcase classname="financeSuite.FinanceAllAPI" name="costCenterCount" time="0.598"/>
  <testcase classname="financeSuite.FinanceAllAPI" name="costCenterSearch" time="1.62"/>
  <testcase classname="financeSuite.FinanceAllAPI" name="createCostCenter" time="1.016"/>
  <testcase classname="financeSuite.FinanceAllAPI" name="updateCostCenter" time="1.227"/>
  <testcase classname="financeSuite.FinanceAllAPI" name="deactivateCostCenter" time="1.25"/>
  <testcase classname="financeSuite.FinanceAllAPI" name="glSearchCompany" time="1.984"/>
  <testcase classname="financeSuite.FinanceAllAPI" name="searchChartOfAccountsMaster" time="0.553"/>
  <testcase classname="financeSuite.FinanceAllAPI" name="chartOfAccountsCountV3" time="5.619"/>
  <testcase classname="financeSuite.FinanceAllAPI" name="chartOfAccountsSearchV3" time="2.353"/>
  <testcase classname="financeSuite.FinanceAllAPI" name="createChartOfAccounts" time="5.477"/>
  <testcase classname="financeSuite.FinanceAllAPI" name="updateChartOfAccounts" time="0.61"/>
  <testcase classname="financeSuite.FinanceAllAPI" name="searchChartOfAccountsForApproval" time="0.556"/>
  <testcase classname="financeSuite.FinanceAllAPI" name="reviewChartOfAccounts" time="0.514"/>
  <testcase classname="financeSuite.FinanceAllAPI" name="updateWorkflowActionChartOfAccounts" time="1.17"/>
  <testcase classname="financeSuite.FinanceAllAPI" name="chartOfAccountsSearchBeforeBalanceCheck" time="0.718"/>
  <testcase classname="financeSuite.FinanceAllAPI" name="checkChartOfAccountsBalance" time="0.461"/>
  <testcase classname="financeSuite.FinanceAllAPI" name="setAccountStatus" time="0.491"/>
  <testcase classname="financeSuite.FinanceAllAPI" name="reviewChartOfAccountsForDeactivate" time="0.472"/>
  <testcase classname="financeSuite.FinanceAllAPI" name="searchChartOfAccountsForDeactivate" time="14.701"/>
  <testcase classname="financeSuite.FinanceAllAPI" name="updateWorkflowActionDeactivate" time="0.001"/>
  <testcase classname="financeSuite.FinanceAllAPI" name="searchChartOfAccountsForReactivate" time="8.835"/>
  <testcase classname="financeSuite.FinanceAllAPI" name="updateWorkflowActionReactivate" time="0.0"/>
  <testcase classname="financeSuite.FinanceAllAPI" name="journalEntryCount" time="0.672"/>
  <testcase classname="financeSuite.FinanceAllAPI" name="journalEntrySearch" time="1.077"/>
  <testcase classname="financeSuite.FinanceAllAPI" name="generateJeNumber" time="0.66"/>
  <testcase classname="financeSuite.FinanceAllAPI" name="createJournalEntry" time="1.87"/>
  <testcase classname="financeSuite.FinanceAllAPI" name="approvalBySeniorAccountant" time="0.486"/>
  <testcase classname="financeSuite.FinanceAllAPI" name="approvalByFinanceController" time="1.109"/>
  <testcase classname="financeSuite.FinanceAllAPI" name="approvalByGroupAccountingManager" time="1.159"/>
  <testcase classname="financeSuite.FinanceAllAPI" name="verifyJePostedStatus" time="0.523"/>
  <testcase classname="financeSuite.FinanceAllAPI" name="duplicateCompanyName" time="1.895"/>
  <testcase classname="financeSuite.FinanceAllAPI" name="duplicateCompanyCode" time="7.307"/>
  <testcase classname="financeSuite.FinanceAllAPI" name="duplicateProfitCenterName" time="0.441"/>
  <testcase classname="financeSuite.FinanceAllAPI" name="duplicateProfitCenterCode" time="0.482"/>
  <testcase classname="financeSuite.FinanceAllAPI" name="duplicateCostCenterName" time="0.443"/>
  <testcase classname="financeSuite.FinanceAllAPI" name="duplicateCostCenterCode" time="0.526"/>
  <testcase classname="financeSuite.FinanceAllAPI" name="duplicateGlAccountName" time="0.449"/>
</testsuite> <!-- FinanceAll -->
